DEBUG:asciimatics.widgets:New event: MouseEvent (38, 7) 1
DEBUG:asciimatics.widgets:Widget: <asciimatics.widgets.TextBox object at 0x109244780> (4, 2) (66, 5)
DEBUG:asciimatics.widgets:Check layout: 38, 7
DEBUG:asciimatics.widgets:Widget: <asciimatics.widgets.Label object at 0x109244748> (4, 1) (66, 1)
DEBUG:asciimatics.widgets:Widget: <asciimatics.widgets.TextBox object at 0x109244780> (4, 2) (66, 5)
DEBUG:asciimatics.widgets:Widget: <asciimatics.widgets.Text object at 0x1092447b8> (4, 7) (66, 1)
DEBUG:asciimatics.widgets:Widget: <asciimatics.widgets.Text object at 0x1092447b8> (4, 7) (66, 1)
DEBUG:asciimatics.widgets:New event: MouseEvent (35, 8) 1
DEBUG:asciimatics.widgets:Widget: <asciimatics.widgets.Text object at 0x1092447b8> (4, 7) (66, 1)
DEBUG:asciimatics.widgets:Check layout: 35, 8
DEBUG:asciimatics.widgets:Widget: <asciimatics.widgets.Label object at 0x109244748> (4, 1) (66, 1)
DEBUG:asciimatics.widgets:Widget: <asciimatics.widgets.TextBox object at 0x109244780> (4, 2) (66, 5)
DEBUG:asciimatics.widgets:Widget: <asciimatics.widgets.Text object at 0x1092447b8> (4, 7) (66, 1)
DEBUG:asciimatics.widgets:Widget: <asciimatics.widgets.Text object at 0x109244860> (4, 8) (27, 1)
DEBUG:asciimatics.widgets:Widget: <asciimatics.widgets.Text object at 0x1092447f0> (4, 9) (66, 1)
DEBUG:asciimatics.widgets:Widget: <asciimatics.widgets.Divider object at 0x109244898> (4, 10) (66, 2)
DEBUG:asciimatics.widgets:Widget: <asciimatics.widgets.Label object at 0x109244908> (4, 12) (66, 1)
DEBUG:asciimatics.widgets:Widget: <asciimatics.widgets.RadioButtons object at 0x109244828> (4, 13) (66, 3)
DEBUG:asciimatics.widgets:Widget: <asciimatics.widgets.CheckBox object at 0x109244978> (4, 16) (66, 1)
DEBUG:asciimatics.widgets:Widget: <asciimatics.widgets.CheckBox object at 0x109244940> (4, 17) (66, 1)
DEBUG:asciimatics.widgets:Widget: <asciimatics.widgets.CheckBox object at 0x1092448d0> (4, 18) (66, 1)
DEBUG:asciimatics.widgets:Widget: <asciimatics.widgets.DatePicker object at 0x1092449b0> (4, 19) (66, 1)
DEBUG:asciimatics.widgets:Widget: <asciimatics.widgets.TimePicker object at 0x1092449e8> (4, 20) (66, 1)
DEBUG:asciimatics.widgets:Widget: <asciimatics.widgets.Text object at 0x109244a58> (4, 21) (66, 1)
DEBUG:asciimatics.widgets:Widget: <asciimatics.widgets.DropdownList object at 0x109244a20> (4, 22) (66, 1)
DEBUG:asciimatics.widgets:Widget: <asciimatics.widgets.Divider object at 0x109244a90> (4, 23) (66, 3)
DEBUG:asciimatics.widgets:Widget: <asciimatics.widgets.Text object at 0x1092447b8> (4, 7) (66, 1)
DEBUG:asciimatics.widgets:Check layout: 35, 8
DEBUG:asciimatics.widgets:Widget: <asciimatics.widgets.Label object at 0x109244748> (4, 1) (66, 1)
DEBUG:asciimatics.widgets:Widget: <asciimatics.widgets.TextBox object at 0x109244780> (4, 2) (66, 5)
DEBUG:asciimatics.widgets:Widget: <asciimatics.widgets.Text object at 0x1092447b8> (4, 7) (66, 1)
DEBUG:asciimatics.widgets:Widget: <asciimatics.widgets.Text object at 0x109244860> (4, 8) (27, 1)
DEBUG:asciimatics.widgets:Widget: <asciimatics.widgets.Text object at 0x1092447f0> (4, 9) (66, 1)
DEBUG:asciimatics.widgets:Widget: <asciimatics.widgets.Divider object at 0x109244898> (4, 10) (66, 2)
DEBUG:asciimatics.widgets:Widget: <asciimatics.widgets.Label object at 0x109244908> (4, 12) (66, 1)
DEBUG:asciimatics.widgets:Widget: <asciimatics.widgets.RadioButtons object at 0x109244828> (4, 13) (66, 3)
DEBUG:asciimatics.widgets:Widget: <asciimatics.widgets.CheckBox object at 0x109244978> (4, 16) (66, 1)
DEBUG:asciimatics.widgets:Widget: <asciimatics.widgets.CheckBox object at 0x109244940> (4, 17) (66, 1)
DEBUG:asciimatics.widgets:Widget: <asciimatics.widgets.CheckBox object at 0x1092448d0> (4, 18) (66, 1)
DEBUG:asciimatics.widgets:Widget: <asciimatics.widgets.DatePicker object at 0x1092449b0> (4, 19) (66, 1)
DEBUG:asciimatics.widgets:Widget: <asciimatics.widgets.TimePicker object at 0x1092449e8> (4, 20) (66, 1)
DEBUG:asciimatics.widgets:Widget: <asciimatics.widgets.Text object at 0x109244a58> (4, 21) (66, 1)
DEBUG:asciimatics.widgets:Widget: <asciimatics.widgets.DropdownList object at 0x109244a20> (4, 22) (66, 1)
DEBUG:asciimatics.widgets:Widget: <asciimatics.widgets.Divider object at 0x109244a90> (4, 23) (66, 3)
DEBUG:asciimatics.widgets:Check layout: 35, 8
DEBUG:asciimatics.widgets:Widget: <asciimatics.widgets.Button object at 0x109244710> (8, 26) (9, 1)
DEBUG:asciimatics.widgets:Widget: <asciimatics.widgets.Button object at 0x109244b00> (30, 26) (13, 1)
DEBUG:asciimatics.widgets:Widget: <asciimatics.widgets.Button object at 0x109244b38> (57, 26) (8, 1)
DEBUG:asciimatics.screen:Processing key: 102
DEBUG:asciimatics.screen:Returning key: 102
DEBUG:asciimatics.widgets:New event: KeyboardEvent: -206
DEBUG:asciimatics.screen:Processing key: 103
DEBUG:asciimatics.screen:Returning key: 103
DEBUG:asciimatics.widgets:New event: KeyboardEvent: -204
DEBUG:asciimatics.screen:Processing key: 103
DEBUG:asciimatics.screen:Returning key: 103
DEBUG:asciimatics.widgets:New event: KeyboardEvent: -204
DEBUG:asciimatics.screen:Processing key: 102
DEBUG:asciimatics.screen:Returning key: 102
DEBUG:asciimatics.widgets:New event: KeyboardEvent: -206
DEBUG:asciimatics.screen:Processing key: 102
DEBUG:asciimatics.screen:Returning key: 102
DEBUG:asciimatics.widgets:New event: KeyboardEvent: -206
DEBUG:asciimatics.screen:Processing key: 102
DEBUG:asciimatics.screen:Returning key: 102
DEBUG:asciimatics.widgets:New event: KeyboardEvent: -206
DEBUG:asciimatics.screen:Processing key: 103
DEBUG:asciimatics.screen:Returning key: 103
DEBUG:asciimatics.widgets:New event: KeyboardEvent: -204
DEBUG:asciimatics.screen:Processing key: 103
DEBUG:asciimatics.screen:Returning key: 103
DEBUG:asciimatics.widgets:New event: KeyboardEvent: -204
DEBUG:asciimatics.screen:Processing key: 102
DEBUG:asciimatics.screen:Returning key: 102
DEBUG:asciimatics.widgets:New event: KeyboardEvent: -206
DEBUG:asciimatics.screen:Processing key: 103
DEBUG:asciimatics.screen:Returning key: 103
DEBUG:asciimatics.widgets:New event: KeyboardEvent: -204
DEBUG:asciimatics.screen:Processing key: 103
DEBUG:asciimatics.screen:Returning key: 103
DEBUG:asciimatics.widgets:New event: KeyboardEvent: -204
DEBUG:asciimatics.screen:Processing key: 102
DEBUG:asciimatics.screen:Returning key: 102
DEBUG:asciimatics.widgets:New event: KeyboardEvent: -206
DEBUG:asciimatics.screen:Processing key: 102
DEBUG:asciimatics.screen:Returning key: 102
DEBUG:asciimatics.widgets:New event: KeyboardEvent: -206
DEBUG:asciimatics.screen:Processing key: 102
DEBUG:asciimatics.screen:Returning key: 102
DEBUG:asciimatics.widgets:New event: KeyboardEvent: -206
DEBUG:asciimatics.screen:Processing key: 103
DEBUG:asciimatics.screen:Returning key: 103
DEBUG:asciimatics.widgets:New event: KeyboardEvent: -204
DEBUG:asciimatics.screen:Processing key: 103
DEBUG:asciimatics.screen:Returning key: 103
DEBUG:asciimatics.widgets:New event: KeyboardEvent: -204
DEBUG:asciimatics.screen:Processing key: 103
DEBUG:asciimatics.screen:Returning key: 103
DEBUG:asciimatics.widgets:New event: KeyboardEvent: -204
DEBUG:asciimatics.screen:Processing key: 9
DEBUG:asciimatics.screen:Returning key: 9
DEBUG:asciimatics.widgets:New event: KeyboardEvent: -301
DEBUG:asciimatics.screen:Processing key: 102
DEBUG:asciimatics.screen:Returning key: 102
DEBUG:asciimatics.widgets:New event: KeyboardEvent: -206
DEBUG:asciimatics.screen:Processing key: 102
DEBUG:asciimatics.screen:Returning key: 102
DEBUG:asciimatics.widgets:New event: KeyboardEvent: -206
DEBUG:asciimatics.screen:Processing key: 103
DEBUG:asciimatics.screen:Returning key: 103
DEBUG:asciimatics.widgets:New event: KeyboardEvent: -204
DEBUG:asciimatics.screen:Processing key: 103
DEBUG:asciimatics.screen:Returning key: 103
DEBUG:asciimatics.widgets:New event: KeyboardEvent: -204
DEBUG:asciimatics.screen:Processing key: 103
DEBUG:asciimatics.screen:Returning key: 103
DEBUG:asciimatics.widgets:New event: KeyboardEvent: -204
DEBUG:asciimatics.screen:Processing key: 102
DEBUG:asciimatics.screen:Returning key: 102
DEBUG:asciimatics.widgets:New event: KeyboardEvent: -206
DEBUG:asciimatics.screen:Processing key: 102
DEBUG:asciimatics.screen:Returning key: 102
DEBUG:asciimatics.widgets:New event: KeyboardEvent: -206
DEBUG:asciimatics.screen:Processing key: 103
DEBUG:asciimatics.screen:Returning key: 103
DEBUG:asciimatics.widgets:New event: KeyboardEvent: -204
DEBUG:asciimatics.screen:Processing key: 103
DEBUG:asciimatics.screen:Returning key: 103
DEBUG:asciimatics.widgets:New event: KeyboardEvent: -204
DEBUG:asciimatics.screen:Processing key: a
DEBUG:asciimatics.screen:Returning key: a
DEBUG:asciimatics.widgets:New event: KeyboardEvent: 10
DEBUG:asciimatics.screen:Processing key: a
DEBUG:asciimatics.screen:Returning key: a
DEBUG:asciimatics.widgets:New event: KeyboardEvent: 10
DEBUG:asciimatics.screen:Processing key: 102
DEBUG:asciimatics.screen:Returning key: 102
DEBUG:asciimatics.widgets:New event: KeyboardEvent: -206
DEBUG:asciimatics.screen:Processing key: a
DEBUG:asciimatics.screen:Returning key: a
DEBUG:asciimatics.widgets:New event: KeyboardEvent: 10
DEBUG:asciimatics.screen:Processing key: 102
DEBUG:asciimatics.screen:Returning key: 102
DEBUG:asciimatics.widgets:New event: KeyboardEvent: -206
DEBUG:asciimatics.screen:Processing key: 103
DEBUG:asciimatics.screen:Returning key: 103
DEBUG:asciimatics.widgets:New event: KeyboardEvent: -204
DEBUG:asciimatics.screen:Processing key: 103
DEBUG:asciimatics.screen:Returning key: 103
DEBUG:asciimatics.widgets:New event: KeyboardEvent: -204
DEBUG:asciimatics.screen:Processing key: 102
DEBUG:asciimatics.screen:Returning key: 102
DEBUG:asciimatics.widgets:New event: KeyboardEvent: -206
DEBUG:asciimatics.screen:Processing key: a
DEBUG:asciimatics.screen:Returning key: a
DEBUG:asciimatics.widgets:New event: KeyboardEvent: 10
DEBUG:asciimatics.screen:Processing key: a
DEBUG:asciimatics.screen:Returning key: a
DEBUG:asciimatics.widgets:New event: KeyboardEvent: 10
DEBUG:asciimatics.screen:Processing key: 20
DEBUG:asciimatics.screen:Returning key: 20
DEBUG:asciimatics.widgets:New event: KeyboardEvent: 32
DEBUG:asciimatics.screen:Processing key: 102
DEBUG:asciimatics.screen:Returning key: 102
DEBUG:asciimatics.widgets:New event: KeyboardEvent: -206
DEBUG:asciimatics.widgets:New event: MouseEvent (37, 3) 1
DEBUG:asciimatics.widgets:Widget: <asciimatics.widgets.RadioButtons object at 0x10e79d5c0> (5, 2) (77, 3)
DEBUG:asciimatics.widgets:New event: MouseEvent (31, 3) 1
DEBUG:asciimatics.widgets:Widget: <asciimatics.widgets.RadioButtons object at 0x10e79d5c0> (5, 2) (77, 3)
DEBUG:asciimatics.widgets:New event: MouseEvent (31, 2) 1
DEBUG:asciimatics.widgets:Widget: <asciimatics.widgets.RadioButtons object at 0x10e79d5c0> (5, 2) (77, 3)
DEBUG:asciimatics.screen:Processing key: 9
DEBUG:asciimatics.screen:Returning key: 9
DEBUG:asciimatics.widgets:New event: KeyboardEvent: -301
DEBUG:asciimatics.screen:Processing key: 102
DEBUG:asciimatics.screen:Returning key: 102
DEBUG:asciimatics.widgets:New event: KeyboardEvent: -206
DEBUG:asciimatics.screen:Processing key: 103
DEBUG:asciimatics.screen:Returning key: 103
DEBUG:asciimatics.widgets:New event: KeyboardEvent: -204
DEBUG:asciimatics.screen:Processing key: 20
DEBUG:asciimatics.screen:Returning key: 20
DEBUG:asciimatics.widgets:New event: KeyboardEvent: 32
DEBUG:asciimatics.screen:Processing key: a
DEBUG:asciimatics.screen:Returning key: a
DEBUG:asciimatics.widgets:New event: KeyboardEvent: 10
DEBUG:asciimatics.screen:Processing key: 102
DEBUG:asciimatics.screen:Returning key: 102
DEBUG:asciimatics.widgets:New event: KeyboardEvent: -206
DEBUG:asciimatics.screen:Processing key: 102
DEBUG:asciimatics.screen:Returning key: 102
DEBUG:asciimatics.widgets:New event: KeyboardEvent: -206
DEBUG:asciimatics.screen:Processing key: 103
DEBUG:asciimatics.screen:Returning key: 103
DEBUG:asciimatics.widgets:New event: KeyboardEvent: -204
DEBUG:asciimatics.screen:Processing key: 103
DEBUG:asciimatics.screen:Returning key: 103
DEBUG:asciimatics.widgets:New event: KeyboardEvent: -204
DEBUG:asciimatics.screen:Processing key: a
DEBUG:asciimatics.screen:Returning key: a
DEBUG:asciimatics.widgets:New event: KeyboardEvent: 10
DEBUG:asciimatics.screen:Processing key: a
DEBUG:asciimatics.screen:Returning key: a
DEBUG:asciimatics.widgets:New event: KeyboardEvent: 10
DEBUG:asciimatics.screen:Processing key: 9
DEBUG:asciimatics.screen:Returning key: 9
DEBUG:asciimatics.widgets:New event: KeyboardEvent: -301
DEBUG:asciimatics.screen:Processing key: 103
DEBUG:asciimatics.screen:Returning key: 103
DEBUG:asciimatics.widgets:New event: KeyboardEvent: -204
DEBUG:asciimatics.screen:Processing key: 9
DEBUG:asciimatics.screen:Returning key: 9
DEBUG:asciimatics.widgets:New event: KeyboardEvent: -301
DEBUG:asciimatics.screen:Processing key: 9
DEBUG:asciimatics.screen:Returning key: 9
DEBUG:asciimatics.widgets:New event: KeyboardEvent: -301
DEBUG:asciimatics.screen:Processing key: a
DEBUG:asciimatics.screen:Returning key: a
DEBUG:asciimatics.widgets:New event: KeyboardEvent: 10
DEBUG:asciimatics.screen:Processing key: a
DEBUG:asciimatics.screen:Returning key: a
DEBUG:asciimatics.widgets:New event: KeyboardEvent: 10
DEBUG:asciimatics.screen:Processing key: a
DEBUG:asciimatics.screen:Returning key: a
DEBUG:asciimatics.widgets:New event: KeyboardEvent: 10
DEBUG:asciimatics.screen:Processing key: 20
DEBUG:asciimatics.screen:Returning key: 20
DEBUG:asciimatics.widgets:New event: KeyboardEvent: 32
DEBUG:asciimatics.screen:Processing key: 20
DEBUG:asciimatics.screen:Returning key: 20
DEBUG:asciimatics.widgets:New event: KeyboardEvent: 32
DEBUG:asciimatics.widgets:New event: MouseEvent (31, 7) 1
DEBUG:asciimatics.widgets:Widget: <asciimatics.widgets.CheckBox object at 0x10e79d668> (5, 7) (77, 1)
DEBUG:asciimatics.screen:Processing key: 9
DEBUG:asciimatics.screen:Returning key: 9
DEBUG:asciimatics.widgets:New event: KeyboardEvent: -301
DEBUG:asciimatics.screen:Processing key: 103
DEBUG:asciimatics.screen:Returning key: 103
DEBUG:asciimatics.widgets:New event: KeyboardEvent: -204
DEBUG:asciimatics.screen:Processing key: 9
DEBUG:asciimatics.screen:Returning key: 9
DEBUG:asciimatics.widgets:New event: KeyboardEvent: -301
DEBUG:asciimatics.screen:Processing key: 103
DEBUG:asciimatics.screen:Returning key: 103
DEBUG:asciimatics.widgets:New event: KeyboardEvent: -204
DEBUG:asciimatics.screen:Processing key: a
DEBUG:asciimatics.screen:Returning key: a
DEBUG:asciimatics.widgets:New event: KeyboardEvent: 10
DEBUG:asciimatics.screen:Processing key: 20
DEBUG:asciimatics.screen:Returning key: 20
DEBUG:asciimatics.widgets:New event: KeyboardEvent: 32
DEBUG:asciimatics.screen:Processing key: 103
DEBUG:asciimatics.screen:Returning key: 103
DEBUG:asciimatics.widgets:New event: KeyboardEvent: -204
DEBUG:asciimatics.screen:Processing key: 103
DEBUG:asciimatics.screen:Returning key: 103
DEBUG:asciimatics.widgets:New event: KeyboardEvent: -204
DEBUG:asciimatics.screen:Processing key: 20
DEBUG:asciimatics.screen:Returning key: 20
DEBUG:asciimatics.widgets:New event: KeyboardEvent: 32
DEBUG:asciimatics.screen:Processing key: 20
DEBUG:asciimatics.screen:Returning key: 20
DEBUG:asciimatics.widgets:New event: KeyboardEvent: 32
DEBUG:asciimatics.screen:Processing key: 102
DEBUG:asciimatics.screen:Returning key: 102
DEBUG:asciimatics.widgets:New event: KeyboardEvent: -206
DEBUG:asciimatics.screen:Processing key: 102
DEBUG:asciimatics.screen:Returning key: 102
DEBUG:asciimatics.widgets:New event: KeyboardEvent: -206
DEBUG:asciimatics.screen:Processing key: 102
DEBUG:asciimatics.screen:Returning key: 102
DEBUG:asciimatics.widgets:New event: KeyboardEvent: -206
DEBUG:asciimatics.screen:Processing key: 102
DEBUG:asciimatics.screen:Returning key: 102
DEBUG:asciimatics.widgets:New event: KeyboardEvent: -206
DEBUG:asciimatics.screen:Processing key: 9
DEBUG:asciimatics.screen:Returning key: 9
DEBUG:asciimatics.widgets:New event: KeyboardEvent: -301
DEBUG:asciimatics.screen:Processing key: 102
DEBUG:asciimatics.screen:Returning key: 102
DEBUG:asciimatics.widgets:New event: KeyboardEvent: -206
DEBUG:asciimatics.screen:Processing key: 9
DEBUG:asciimatics.screen:Returning key: 9
DEBUG:asciimatics.widgets:New event: KeyboardEvent: -301
DEBUG:asciimatics.screen:Processing key: 102
DEBUG:asciimatics.screen:Returning key: 102
DEBUG:asciimatics.widgets:New event: KeyboardEvent: -206
DEBUG:asciimatics.screen:Processing key: 105
DEBUG:asciimatics.screen:Returning key: 105
DEBUG:asciimatics.widgets:New event: KeyboardEvent: -205
DEBUG:asciimatics.screen:Processing key: 102
DEBUG:asciimatics.screen:Returning key: 102
DEBUG:asciimatics.widgets:New event: KeyboardEvent: -206
DEBUG:asciimatics.screen:Processing key: 102
DEBUG:asciimatics.screen:Returning key: 102
DEBUG:asciimatics.widgets:New event: KeyboardEvent: -206
DEBUG:asciimatics.screen:Processing key: 102
DEBUG:asciimatics.screen:Returning key: 102
DEBUG:asciimatics.widgets:New event: KeyboardEvent: -206
DEBUG:asciimatics.screen:Processing key: 102
DEBUG:asciimatics.screen:Returning key: 102
DEBUG:asciimatics.widgets:New event: KeyboardEvent: -206
DEBUG:asciimatics.screen:Processing key: 102
DEBUG:asciimatics.screen:Returning key: 102
DEBUG:asciimatics.widgets:New event: KeyboardEvent: -206
DEBUG:asciimatics.screen:Processing key: 102
DEBUG:asciimatics.screen:Returning key: 102
DEBUG:asciimatics.widgets:New event: KeyboardEvent: -206
DEBUG:asciimatics.screen:Processing key: 103
DEBUG:asciimatics.screen:Returning key: 103
DEBUG:asciimatics.widgets:New event: KeyboardEvent: -204
DEBUG:asciimatics.screen:Processing key: 103
DEBUG:asciimatics.screen:Returning key: 103
DEBUG:asciimatics.widgets:New event: KeyboardEvent: -204
DEBUG:asciimatics.screen:Processing key: 103
DEBUG:asciimatics.screen:Returning key: 103
DEBUG:asciimatics.widgets:New event: KeyboardEvent: -204
DEBUG:asciimatics.screen:Processing key: 9
DEBUG:asciimatics.screen:Returning key: 9
DEBUG:asciimatics.widgets:New event: KeyboardEvent: -301
DEBUG:asciimatics.screen:Processing key: 102
DEBUG:asciimatics.screen:Returning key: 102
DEBUG:asciimatics.widgets:New event: KeyboardEvent: -206
DEBUG:asciimatics.screen:Processing key: 102
DEBUG:asciimatics.screen:Returning key: 102
DEBUG:asciimatics.widgets:New event: KeyboardEvent: -206
DEBUG:asciimatics.screen:Processing key: 102
DEBUG:asciimatics.screen:Returning key: 102
DEBUG:asciimatics.widgets:New event: KeyboardEvent: -206
DEBUG:asciimatics.screen:Processing key: 103
DEBUG:asciimatics.screen:Returning key: 103
DEBUG:asciimatics.widgets:New event: KeyboardEvent: -204
DEBUG:asciimatics.screen:Processing key: 103
DEBUG:asciimatics.screen:Returning key: 103
DEBUG:asciimatics.widgets:New event: KeyboardEvent: -204
DEBUG:asciimatics.screen:Processing key: 103
DEBUG:asciimatics.screen:Returning key: 103
DEBUG:asciimatics.widgets:New event: KeyboardEvent: -204
DEBUG:asciimatics.screen:Processing key: 9
DEBUG:asciimatics.screen:Returning key: 9
DEBUG:asciimatics.widgets:New event: KeyboardEvent: -301
DEBUG:asciimatics.screen:Processing key: 9
DEBUG:asciimatics.screen:Returning key: 9
DEBUG:asciimatics.widgets:New event: KeyboardEvent: -301
DEBUG:asciimatics.screen:Processing key: 9
DEBUG:asciimatics.screen:Returning key: 9
DEBUG:asciimatics.widgets:New event: KeyboardEvent: -301
DEBUG:asciimatics.screen:Processing key: 9
DEBUG:asciimatics.screen:Returning key: 9
DEBUG:asciimatics.widgets:New event: KeyboardEvent: -301
DEBUG:asciimatics.screen:Processing key: 9
DEBUG:asciimatics.screen:Returning key: 9
DEBUG:asciimatics.widgets:New event: KeyboardEvent: -301
DEBUG:asciimatics.screen:Processing key: 9
DEBUG:asciimatics.screen:Returning key: 9
DEBUG:asciimatics.widgets:New event: KeyboardEvent: -301
DEBUG:asciimatics.screen:Processing key: 9
DEBUG:asciimatics.screen:Returning key: 9
DEBUG:asciimatics.widgets:New event: KeyboardEvent: -301
DEBUG:asciimatics.screen:Processing key: 9
DEBUG:asciimatics.screen:Returning key: 9
DEBUG:asciimatics.widgets:New event: KeyboardEvent: -301
DEBUG:asciimatics.screen:Processing key: 9
DEBUG:asciimatics.screen:Returning key: 9
DEBUG:asciimatics.widgets:New event: KeyboardEvent: -301
DEBUG:asciimatics.screen:Processing key: 102
DEBUG:asciimatics.screen:Returning key: 102
DEBUG:asciimatics.widgets:New event: KeyboardEvent: -206
DEBUG:asciimatics.screen:Processing key: a
DEBUG:asciimatics.screen:Returning key: a
DEBUG:asciimatics.widgets:New event: KeyboardEvent: 10
DEBUG:asciimatics.screen:Processing key: 9
DEBUG:asciimatics.screen:Returning key: 9
DEBUG:asciimatics.widgets:New event: KeyboardEvent: -301
DEBUG:asciimatics.screen:Processing key: 9
DEBUG:asciimatics.screen:Returning key: 9
DEBUG:asciimatics.widgets:New event: KeyboardEvent: -301
DEBUG:asciimatics.screen:Processing key: 9
DEBUG:asciimatics.screen:Returning key: 9
DEBUG:asciimatics.widgets:New event: KeyboardEvent: -301
DEBUG:asciimatics.screen:Processing key: a
DEBUG:asciimatics.screen:Returning key: a
DEBUG:asciimatics.widgets:New event: KeyboardEvent: 10
DEBUG:asciimatics.screen:Processing key: 9
DEBUG:asciimatics.screen:Returning key: 9
DEBUG:asciimatics.widgets:New event: KeyboardEvent: -301
DEBUG:asciimatics.screen:Processing key: 9
DEBUG:asciimatics.screen:Returning key: 9
DEBUG:asciimatics.widgets:New event: KeyboardEvent: -301
DEBUG:asciimatics.screen:Processing key: 9
DEBUG:asciimatics.screen:Returning key: 9
DEBUG:asciimatics.widgets:New event: KeyboardEvent: -301
DEBUG:asciimatics.screen:Processing key: 20
DEBUG:asciimatics.screen:Returning key: 20
DEBUG:asciimatics.screen:Processing key: 20
DEBUG:asciimatics.screen:Returning key: 20
DEBUG:asciimatics.screen:Processing key: 20
DEBUG:asciimatics.screen:Returning key: 20
DEBUG:asciimatics.screen:Processing key: 20
DEBUG:asciimatics.screen:Returning key: 20
DEBUG:asciimatics.screen:Processing key: 20
DEBUG:asciimatics.screen:Returning key: 20
DEBUG:asciimatics.screen:Processing key: 20
DEBUG:asciimatics.screen:Returning key: 20
DEBUG:asciimatics.screen:Processing key: 20
DEBUG:asciimatics.screen:Returning key: 20
DEBUG:asciimatics.screen:Processing key: 20
DEBUG:asciimatics.screen:Returning key: 20
DEBUG:asciimatics.screen:Processing key: 20
DEBUG:asciimatics.screen:Returning key: 20
DEBUG:asciimatics.screen:Processing key: 20
DEBUG:asciimatics.screen:Returning key: 20
DEBUG:asciimatics.screen:Processing key: 20
DEBUG:asciimatics.screen:Returning key: 20
DEBUG:asciimatics.screen:Processing key: 20
DEBUG:asciimatics.screen:Returning key: 20
DEBUG:asciimatics.screen:Processing key: 20
DEBUG:asciimatics.screen:Returning key: 20
DEBUG:asciimatics.screen:Processing key: 20
DEBUG:asciimatics.screen:Returning key: 20
DEBUG:asciimatics.screen:Processing key: 20
DEBUG:asciimatics.screen:Returning key: 20
DEBUG:asciimatics.screen:Processing key: 20
DEBUG:asciimatics.screen:Returning key: 20
DEBUG:asciimatics.screen:Processing key: 20
DEBUG:asciimatics.screen:Returning key: 20
DEBUG:asciimatics.screen:Processing key: 20
DEBUG:asciimatics.screen:Returning key: 20
DEBUG:asciimatics.screen:Processing key: 20
DEBUG:asciimatics.screen:Returning key: 20
DEBUG:asciimatics.screen:Processing key: 20
DEBUG:asciimatics.screen:Returning key: 20
DEBUG:asciimatics.screen:Processing key: 20
DEBUG:asciimatics.screen:Returning key: 20
DEBUG:asciimatics.screen:Processing key: 20
DEBUG:asciimatics.screen:Returning key: 20
DEBUG:asciimatics.screen:Processing key: 20
DEBUG:asciimatics.screen:Returning key: 20
DEBUG:asciimatics.screen:Processing key: 20
DEBUG:asciimatics.screen:Returning key: 20
DEBUG:asciimatics.screen:Processing key: 20
DEBUG:asciimatics.screen:Returning key: 20
DEBUG:asciimatics.screen:Processing key: 20
DEBUG:asciimatics.screen:Returning key: 20
DEBUG:asciimatics.screen:Processing key: 20
DEBUG:asciimatics.screen:Returning key: 20
DEBUG:asciimatics.screen:Processing key: 20
DEBUG:asciimatics.screen:Returning key: 20
DEBUG:asciimatics.screen:Processing key: 20
DEBUG:asciimatics.screen:Returning key: 20
DEBUG:asciimatics.screen:Processing key: 20
DEBUG:asciimatics.screen:Returning key: 20
DEBUG:asciimatics.screen:Processing key: 20
DEBUG:asciimatics.screen:Returning key: 20
DEBUG:asciimatics.screen:Processing key: 20
DEBUG:asciimatics.screen:Returning key: 20
DEBUG:asciimatics.screen:Processing key: 20
DEBUG:asciimatics.screen:Returning key: 20
DEBUG:asciimatics.screen:Processing key: 20
DEBUG:asciimatics.screen:Returning key: 20
DEBUG:asciimatics.screen:Processing key: 20
DEBUG:asciimatics.screen:Returning key: 20
DEBUG:asciimatics.screen:Processing key: 20
DEBUG:asciimatics.screen:Returning key: 20
DEBUG:asciimatics.screen:Processing key: 20
DEBUG:asciimatics.screen:Returning key: 20
DEBUG:asciimatics.screen:Processing key: 20
DEBUG:asciimatics.screen:Returning key: 20
DEBUG:asciimatics.screen:Processing key: 20
DEBUG:asciimatics.screen:Returning key: 20
DEBUG:asciimatics.screen:Processing key: 20
DEBUG:asciimatics.screen:Returning key: 20
DEBUG:asciimatics.screen:Processing key: 1b
DEBUG:asciimatics.screen:Returning key: 1b
DEBUG:asciimatics.screen:Processing key: 20
DEBUG:asciimatics.screen:Returning key: 20
DEBUG:asciimatics.screen:Processing key: 20
DEBUG:asciimatics.screen:Returning key: 20
DEBUG:asciimatics.screen:Processing key: 20
DEBUG:asciimatics.screen:Returning key: 20
DEBUG:asciimatics.screen:Processing key: 20
DEBUG:asciimatics.screen:Returning key: 20
DEBUG:asciimatics.screen:Processing key: 20
DEBUG:asciimatics.screen:Returning key: 20
